[INFO] Scanning for projects...
[INFO] 
[INFO] -------------------< co.analisys:entrenadorservice >--------------------
[INFO] Building entrenadorservice 0.0.1-SNAPSHOT
[INFO]   from pom.xml
[INFO] --------------------------------[ jar ]---------------------------------
[INFO] 
[INFO] >>> spring-boot:3.3.2:run (default-cli) > test-compile @ entrenadorservice >>>
[INFO] 
[INFO] --- resources:3.3.1:resources (default-resources) @ entrenadorservice ---
[INFO] Copying 1 resource from src/main/resources to target/classes
[INFO] Copying 0 resource from src/main/resources to target/classes
[INFO] 
[INFO] --- compiler:3.13.0:compile (default-compile) @ entrenadorservice ---
[INFO] Nothing to compile - all classes are up to date.
[INFO] 
[INFO] --- resources:3.3.1:testResources (default-testResources) @ entrenadorservice ---
[INFO] skip non existing resourceDirectory /home/torres/Escritorio/semestre-9/microservicios/taller-gimnasio/comunicacion-y-seguridad-gimnasio-2-partes/microservicio-entrenadores-mcrs/src/test/resources
[INFO] 
[INFO] --- compiler:3.13.0:testCompile (default-testCompile) @ entrenadorservice ---
[INFO] No sources to compile
[INFO] 
[INFO] <<< spring-boot:3.3.2:run (default-cli) < test-compile @ entrenadorservice <<<
[INFO] 
[INFO] 
[INFO] --- spring-boot:3.3.2:run (default-cli) @ entrenadorservice ---
[INFO] Attaching agents: []

  .   ____          _            __ _ _
 /\\ / ___'_ __ _ _(_)_ __  __ _ \ \ \ \
( ( )\___ | '_ | '_| | '_ \/ _` | \ \ \ \
 \\/  ___)| |_)| | | | | || (_| |  ) ) ) )
  '  |____| .__|_| |_|_| |_\__, | / / / /
 =========|_|==============|___/=/_/_/_/

 :: Spring Boot ::                (v3.3.2)

2026-03-16T13:11:46.127-05:00  INFO 163197 --- [entrenador-service] [           main] c.a.g.EntrenadorServiceApplication       : Starting EntrenadorServiceApplication using Java 17.0.18 with PID 163197 (/home/torres/Escritorio/semestre-9/microservicios/taller-gimnasio/comunicacion-y-seguridad-gimnasio-2-partes/microservicio-entrenadores-mcrs/target/classes started by torres in /home/torres/Escritorio/semestre-9/microservicios/taller-gimnasio/comunicacion-y-seguridad-gimnasio-2-partes/microservicio-entrenadores-mcrs)
2026-03-16T13:11:46.140-05:00  INFO 163197 --- [entrenador-service] [           main] c.a.g.EntrenadorServiceApplication       : No active profile set, falling back to 1 default profile: "default"
2026-03-16T13:11:47.884-05:00  INFO 163197 --- [entrenador-service] [           main] .s.d.r.c.RepositoryConfigurationDelegate : Bootstrapping Spring Data JPA repositories in DEFAULT mode.
2026-03-16T13:11:48.036-05:00  INFO 163197 --- [entrenador-service] [           main] .s.d.r.c.RepositoryConfigurationDelegate : Finished Spring Data repository scanning in 143 ms. Found 1 JPA repository interface.
2026-03-16T13:11:48.294-05:00  INFO 163197 --- [entrenador-service] [           main] o.s.cloud.context.scope.GenericScope     : BeanFactory id=f6032227-f854-3b9f-bed0-3988d1be8fea
2026-03-16T13:11:48.653-05:00  WARN 163197 --- [entrenador-service] [           main] trationDelegate$BeanPostProcessorChecker : Bean 'org.springframework.cloud.client.loadbalancer.LoadBalancerAutoConfiguration$DeferringLoadBalancerInterceptorConfig' of type [org.springframework.cloud.client.loadbalancer.LoadBalancerAutoConfiguration$DeferringLoadBalancerInterceptorConfig] is not eligible for getting processed by all BeanPostProcessors (for example: not eligible for auto-proxying). The currently created BeanPostProcessor [lbRestClientPostProcessor] is declared through a non-static factory method on that class; consider declaring it as static instead.
2026-03-16T13:11:48.656-05:00  WARN 163197 --- [entrenador-service] [           main] trationDelegate$BeanPostProcessorChecker : Bean 'deferringLoadBalancerInterceptor' of type [org.springframework.cloud.client.loadbalancer.DeferringLoadBalancerInterceptor] is not eligible for getting processed by all BeanPostProcessors (for example: not eligible for auto-proxying). Is this bean getting eagerly injected into a currently created BeanPostProcessor [lbRestClientPostProcessor]? Check the corresponding BeanPostProcessor declaration and its dependencies.
2026-03-16T13:11:48.966-05:00  INFO 163197 --- [entrenador-service] [           main] o.s.b.w.embedded.tomcat.TomcatWebServer  : Tomcat initialized with port 8083 (http)
2026-03-16T13:11:48.980-05:00  INFO 163197 --- [entrenador-service] [           main] o.apache.catalina.core.StandardService   : Starting service [Tomcat]
2026-03-16T13:11:48.981-05:00  INFO 163197 --- [entrenador-service] [           main] o.apache.catalina.core.StandardEngine    : Starting Servlet engine: [Apache Tomcat/10.1.26]
2026-03-16T13:11:49.050-05:00  INFO 163197 --- [entrenador-service] [           main] o.a.c.c.C.[Tomcat].[localhost].[/]       : Initializing Spring embedded WebApplicationContext
2026-03-16T13:11:49.051-05:00  INFO 163197 --- [entrenador-service] [           main] w.s.c.ServletWebServerApplicationContext : Root WebApplicationContext: initialization completed in 2815 ms
2026-03-16T13:11:49.191-05:00  INFO 163197 --- [entrenador-service] [           main] com.zaxxer.hikari.HikariDataSource       : HikariPool-1 - Starting...
2026-03-16T13:11:49.400-05:00  INFO 163197 --- [entrenador-service] [           main] com.zaxxer.hikari.pool.HikariPool        : HikariPool-1 - Added connection conn0: url=jdbc:h2:mem:entrenadoresdb user=SA
2026-03-16T13:11:49.402-05:00  INFO 163197 --- [entrenador-service] [           main] com.zaxxer.hikari.HikariDataSource       : HikariPool-1 - Start completed.
2026-03-16T13:11:49.411-05:00  INFO 163197 --- [entrenador-service] [           main] o.s.b.a.h2.H2ConsoleAutoConfiguration    : H2 console available at '/h2-console'. Database available at 'jdbc:h2:mem:entrenadoresdb'
2026-03-16T13:11:49.673-05:00  INFO 163197 --- [entrenador-service] [           main] o.hibernate.jpa.internal.util.LogHelper  : HHH000204: Processing PersistenceUnitInfo [name: default]
2026-03-16T13:11:49.722-05:00  INFO 163197 --- [entrenador-service] [           main] org.hibernate.Version                    : HHH000412: Hibernate ORM core version 6.5.2.Final
2026-03-16T13:11:49.751-05:00  INFO 163197 --- [entrenador-service] [           main] o.h.c.internal.RegionFactoryInitiator    : HHH000026: Second-level cache disabled
2026-03-16T13:11:49.971-05:00  INFO 163197 --- [entrenador-service] [           main] o.s.o.j.p.SpringPersistenceUnitInfo      : No LoadTimeWeaver setup: ignoring JPA class transformer
2026-03-16T13:11:50.004-05:00  WARN 163197 --- [entrenador-service] [           main] org.hibernate.orm.deprecation            : HHH90000025: H2Dialect does not need to be specified explicitly using 'hibernate.dialect' (remove the property setting and it will be selected by default)
2026-03-16T13:11:50.647-05:00  INFO 163197 --- [entrenador-service] [           main] o.h.e.t.j.p.i.JtaPlatformInitiator       : HHH000489: No JTA platform available (set 'hibernate.transaction.jta.platform' to enable JTA platform integration)
2026-03-16T13:11:50.672-05:00  INFO 163197 --- [entrenador-service] [           main] j.LocalContainerEntityManagerFactoryBean : Initialized JPA EntityManagerFactory for persistence unit 'default'
2026-03-16T13:11:51.112-05:00  WARN 163197 --- [entrenador-service] [           main] JpaBaseConfiguration$JpaWebConfiguration : spring.jpa.open-in-view is enabled by default. Therefore, database queries may be performed during view rendering. Explicitly configure spring.jpa.open-in-view to disable this warning
2026-03-16T13:11:51.144-05:00 DEBUG 163197 --- [entrenador-service] [           main] swordEncoderAuthenticationManagerBuilder : No authenticationProviders and no parentAuthenticationManager defined. Returning null.
2026-03-16T13:11:51.685-05:00  INFO 163197 --- [entrenador-service] [           main] o.s.b.a.e.web.EndpointLinksResolver      : Exposing 1 endpoint beneath base path '/actuator'
2026-03-16T13:11:51.850-05:00 DEBUG 163197 --- [entrenador-service] [           main] o.s.s.web.DefaultSecurityFilterChain     : Will secure any request with filters: DisableEncodeUrlFilter, WebAsyncManagerIntegrationFilter, SecurityContextHolderFilter, HeaderWriterFilter, CorsFilter, CsrfFilter, LogoutFilter, BearerTokenAuthenticationFilter, RequestCacheAwareFilter, SecurityContextHolderAwareRequestFilter, AnonymousAuthenticationFilter, ExceptionTranslationFilter, AuthorizationFilter
2026-03-16T13:11:52.440-05:00  INFO 163197 --- [entrenador-service] [           main] DiscoveryClientOptionalArgsConfiguration : Eureka HTTP Client uses RestTemplate.
2026-03-16T13:11:52.495-05:00  WARN 163197 --- [entrenador-service] [           main] iguration$LoadBalancerCaffeineWarnLogger : Spring Cloud LoadBalancer is currently working with the default cache. While this cache implementation is useful for development and tests, it's recommended to use Caffeine cache in production.You can switch to using Caffeine cache, by adding it and org.springframework.cache.caffeine.CaffeineCacheManager to the classpath.
2026-03-16T13:11:52.553-05:00  INFO 163197 --- [entrenador-service] [           main] o.s.c.n.eureka.InstanceInfoFactory       : Setting initial instance status as: STARTING
2026-03-16T13:11:52.578-05:00  INFO 163197 --- [entrenador-service] [           main] com.netflix.discovery.DiscoveryClient    : Initializing Eureka in region us-east-1
2026-03-16T13:11:52.581-05:00  INFO 163197 --- [entrenador-service] [           main] c.n.d.s.r.aws.ConfigClusterResolver      : Resolving eureka endpoints via configuration
2026-03-16T13:11:52.588-05:00  INFO 163197 --- [entrenador-service] [           main] com.netflix.discovery.DiscoveryClient    : Disable delta property : false
2026-03-16T13:11:52.589-05:00  INFO 163197 --- [entrenador-service] [           main] com.netflix.discovery.DiscoveryClient    : Single vip registry refresh property : null
2026-03-16T13:11:52.589-05:00  INFO 163197 --- [entrenador-service] [           main] com.netflix.discovery.DiscoveryClient    : Force full registry fetch : false
2026-03-16T13:11:52.589-05:00  INFO 163197 --- [entrenador-service] [           main] com.netflix.discovery.DiscoveryClient    : Application is null : false
2026-03-16T13:11:52.589-05:00  INFO 163197 --- [entrenador-service] [           main] com.netflix.discovery.DiscoveryClient    : Registered Applications size is zero : true
2026-03-16T13:11:52.589-05:00  INFO 163197 --- [entrenador-service] [           main] com.netflix.discovery.DiscoveryClient    : Application version is -1: true
2026-03-16T13:11:52.589-05:00  INFO 163197 --- [entrenador-service] [           main] com.netflix.discovery.DiscoveryClient    : Getting all instance registry info from the eureka server
2026-03-16T13:11:52.921-05:00  INFO 163197 --- [entrenador-service] [           main] com.netflix.discovery.DiscoveryClient    : The response status is 200
2026-03-16T13:11:52.923-05:00  INFO 163197 --- [entrenador-service] [           main] com.netflix.discovery.DiscoveryClient    : Starting heartbeat executor: renew interval is: 30
2026-03-16T13:11:52.925-05:00  INFO 163197 --- [entrenador-service] [           main] c.n.discovery.InstanceInfoReplicator     : InstanceInfoReplicator onDemand update allowed rate per min is 4
2026-03-16T13:11:52.927-05:00  INFO 163197 --- [entrenador-service] [           main] com.netflix.discovery.DiscoveryClient    : Discovery Client initialized at timestamp 1773684712926 with initial instances count: 4
2026-03-16T13:11:52.936-05:00  INFO 163197 --- [entrenador-service] [           main] o.s.c.n.e.s.EurekaServiceRegistry        : Registering application ENTRENADOR-SERVICE with eureka with status UP
2026-03-16T13:11:52.937-05:00  INFO 163197 --- [entrenador-service] [           main] com.netflix.discovery.DiscoveryClient    : Saw local status change event StatusChangeEvent [timestamp=1773684712936, current=UP, previous=STARTING]
2026-03-16T13:11:52.938-05:00  INFO 163197 --- [entrenador-service] [foReplicator-%d] com.netflix.discovery.DiscoveryClient    : DiscoveryClient_ENTRENADOR-SERVICE/torres-Lenovo.bbrouter:entrenador-service:8083: registering service...
2026-03-16T13:11:52.944-05:00  INFO 163197 --- [entrenador-service] [           main] o.s.c.n.e.s.EurekaServiceRegistry        : Unregistering application ENTRENADOR-SERVICE with eureka with status DOWN
2026-03-16T13:11:52.944-05:00  INFO 163197 --- [entrenador-service] [           main] com.netflix.discovery.DiscoveryClient    : Saw local status change event StatusChangeEvent [timestamp=1773684712944, current=DOWN, previous=UP]
2026-03-16T13:11:52.944-05:00  WARN 163197 --- [entrenador-service] [           main] ConfigServletWebServerApplicationContext : Exception encountered during context initialization - cancelling refresh attempt: org.springframework.context.ApplicationContextException: Failed to start bean 'webServerStartStop'
2026-03-16T13:11:52.951-05:00  INFO 163197 --- [entrenador-service] [           main] j.LocalContainerEntityManagerFactoryBean : Closing JPA EntityManagerFactory for persistence unit 'default'
2026-03-16T13:11:52.956-05:00  INFO 163197 --- [entrenador-service] [           main] com.zaxxer.hikari.HikariDataSource       : HikariPool-1 - Shutdown initiated...
2026-03-16T13:11:52.959-05:00  INFO 163197 --- [entrenador-service] [           main] com.zaxxer.hikari.HikariDataSource       : HikariPool-1 - Shutdown completed.
2026-03-16T13:11:52.960-05:00  INFO 163197 --- [entrenador-service] [           main] com.netflix.discovery.DiscoveryClient    : Shutting down DiscoveryClient ...
2026-03-16T13:11:52.978-05:00  INFO 163197 --- [entrenador-service] [foReplicator-%d] com.netflix.discovery.DiscoveryClient    : DiscoveryClient_ENTRENADOR-SERVICE/torres-Lenovo.bbrouter:entrenador-service:8083 - registration status: 204
2026-03-16T13:11:52.978-05:00  INFO 163197 --- [entrenador-service] [foReplicator-%d] com.netflix.discovery.DiscoveryClient    : DiscoveryClient_ENTRENADOR-SERVICE/torres-Lenovo.bbrouter:entrenador-service:8083: registering service...
2026-03-16T13:11:52.985-05:00  INFO 163197 --- [entrenador-service] [foReplicator-%d] com.netflix.discovery.DiscoveryClient    : DiscoveryClient_ENTRENADOR-SERVICE/torres-Lenovo.bbrouter:entrenador-service:8083 - registration status: 204
2026-03-16T13:11:52.985-05:00  INFO 163197 --- [entrenador-service] [           main] com.netflix.discovery.DiscoveryClient    : U2026-03-16T13:12:07.373-05:00  INFO 160639 --- [entrenador-service] [beatExecutor-%d] com.netflix.discovery.DiscoveryClient    : DiscoveryClient_ENTRENADOR-SERVICE/torres-Lenovo.bbrouter:entrenador-service:8083 - Re-registering apps/ENTRENADOR-SERVICE
2026-03-16T13:12:07.373-05:00  INFO 160639 --- [entrenador-service] [beatExecutor-%d] com.netflix.discovery.DiscoveryClient    : DiscoveryClient_ENTRENADOR-SERVICE/torres-Lenovo.bbrouter:entrenador-service:8083: registering service...
2026-03-16T13:12:07.383-05:00  INFO 160639 --- [entrenador-service] [beatExecutor-%d] com.netflix.discovery.DiscoveryClient    : DiscoveryClient_ENTRENADOR-SERVICE/torres-Lenovo.bbrouter:entrenador-service:8083 - registration status: 204
2026-03-16T13:15:06.898-05:00  INFO 160639 --- [entrenador-service] [rap-executor-%d] c.n.d.s.r.aws.ConfigClusterResolver      : Resolving eureka endpoints via configuration
2026-03-16T13:20:06.899-05:00  INFO 160639 --- [entrenador-service] [rap-executor-%d] c.n.d.s.r.aws.ConfigClusterResolver      : Resolving eureka endpoints via configuration
2026-03-16T13:25:06.900-05:00  INFO 160639 --- [entrenador-service] [rap-executor-%d] c.n.d.s.r.aws.ConfigClusterResolver      : Resolving eureka endpoints via configuration
2026-03-16T13:30:06.901-05:00  INFO 160639 --- [entrenador-service] [rap-executor-%d] c.n.d.s.r.aws.ConfigClusterResolver      : Resolving eureka endpoints via configuration
2026-03-16T13:35:06.903-05:00  INFO 160639 --- [entrenador-service] [rap-executor-%d] c.n.d.s.r.aws.ConfigClusterResolver      : Resolving eureka endpoints via configuration
2026-03-16T13:40:08.016-05:00  INFO 160639 --- [entrenador-service] [rap-executor-%d] c.n.d.s.r.aws.ConfigClusterResolver      : Resolving eureka endpoints via configuration
2026-03-16T13:45:08.017-05:00  INFO 160639 --- [entrenador-service] [rap-executor-%d] c.n.d.s.r.aws.ConfigClusterResolver      : Resolving eureka endpoints via configuration
2026-03-16T13:45:12.955-05:00  INFO 160639 --- [entrenador-service] [nio-8083-exec-1] o.a.c.c.C.[Tomcat].[localhost].[/]       : Initializing Spring DispatcherServlet 'dispatcherServlet'
2026-03-16T13:45:12.955-05:00  INFO 160639 --- [entrenador-service] [nio-8083-exec-1] o.s.web.servlet.DispatcherServlet        : Initializing Servlet 'dispatcherServlet'
2026-03-16T13:45:12.958-05:00  INFO 160639 --- [entrenador-service] [nio-8083-exec-1] o.s.web.servlet.DispatcherServlet        : Completed initialization in 2 ms
2026-03-16T13:45:12.975-05:00 DEBUG 160639 --- [entrenador-service] [nio-8083-exec-1] o.s.security.web.FilterChainProxy        : Securing POST /entrenadores
2026-03-16T13:45:13.122-05:00 DEBUG 160639 --- [entrenador-service] [nio-8083-exec-1] o.s.s.o.s.r.a.JwtAuthenticationProvider  : Authenticated token
2026-03-16T13:45:13.123-05:00 DEBUG 160639 --- [entrenador-service] [nio-8083-exec-1] .s.r.w.a.BearerTokenAuthenticationFilter : Set SecurityContextHolder to JwtAuthenticationToken [Principal=org.springframework.security.oauth2.jwt.Jwt@d16d944e, Credentials=[PROTECTED], Authenticated=true, Details=WebAuthenticationDetails [RemoteIpAddress=0:0:0:0:0:0:0:1, SessionId=null], Granted Authorities=[ROLE_offline_access, ROLE_ADMIN, ROLE_uma_authorization, ROLE_default-roles-gimnasio]]
2026-03-16T13:45:13.132-05:00 DEBUG 160639 --- [entrenador-service] [nio-8083-exec-1] o.s.security.web.FilterChainProxy        : Secured POST /entrenadores
2026-03-16T13:45:13.170-05:00 DEBUG 160639 --- [entrenador-service] [nio-8083-exec-1] horizationManagerBeforeMethodInterceptor : Authorizing method invocation ReflectiveMethodInvocation: public co.analisys.gimnasio.model.Entrenador co.analisys.gimnasio.controller.EntrenadorController.agregarEntrenador(co.analisys.gimnasio.model.Entrenador); target is of class [co.analisys.gimnasio.controller.EntrenadorController]
2026-03-16T13:45:13.185-05:00 DEBUG 160639 --- [entrenador-service] [nio-8083-exec-1] horizationManagerBeforeMethodInterceptor : Authorized method invocation ReflectiveMethodInvocation: public co.analisys.gimnasio.model.Entrenador co.analisys.gimnasio.controller.EntrenadorController.agregarEntrenador(co.analisys.gimnasio.model.Entrenador); target is of class [co.analisys.gimnasio.controller.EntrenadorController]
2026-03-16T13:45:27.646-05:00 DEBUG 160639 --- [entrenador-service] [nio-8083-exec-2] o.s.security.web.FilterChainProxy        : Securing GET /entrenadores/1/existe
2026-03-16T13:45:27.651-05:00 DEBUG 160639 --- [entrenador-service] [nio-8083-exec-2] o.s.s.o.s.r.a.JwtAuthenticationProvider  : Authenticated token
2026-03-16T13:45:27.651-05:00 DEBUG 160639 --- [entrenador-service] [nio-8083-exec-2] .s.r.w.a.BearerTokenAuthenticationFilter : Set SecurityContextHolder to JwtAuthenticationToken [Principal=org.springframework.security.oauth2.jwt.Jwt@d16d944e, Credentials=[PROTECTED], Authenticated=true, Details=WebAuthenticationDetails [RemoteIpAddress=192.168.1.12, SessionId=null], Granted Authorities=[ROLE_offline_access, ROLE_ADMIN, ROLE_uma_authorization, ROLE_default-roles-gimnasio]]
2026-03-16T13:45:27.653-05:00 DEBUG 160639 --- [entrenador-service] [nio-8083-exec-2] o.s.security.web.FilterChainProxy        : Secured GET /entrenadores/1/existe
2026-03-16T13:50:08.019-05:00  INFO 160639 --- [entrenador-service] [rap-executor-%d] c.n.d.s.r.aws.ConfigClusterResolver      : Resolving eureka endpoints via configuration
2026-03-16T13:55:08.020-05:00  INFO 160639 --- [entrenador-service] [rap-executor-%d] c.n.d.s.r.aws.ConfigClusterResolver      : Resolving eureka endpoints via configuration
2026-03-16T14:00:08.021-05:00  INFO 160639 --- [entrenador-service] [rap-executor-%d] c.n.d.s.r.aws.ConfigClusterResolver      : Resolving eureka endpoints via configuration
2026-03-16T14:03:36.699-05:00 DEBUG 160639 --- [entrenador-service] [nio-8083-exec-4] o.s.security.web.FilterChainProxy        : Securing GET /entrenadores/1/existe
2026-03-16T14:03:36.710-05:00 DEBUG 160639 --- [entrenador-service] [nio-8083-exec-4] o.s.s.o.s.r.a.JwtAuthenticationProvider  : Authenticated token
2026-03-16T14:03:36.711-05:00 DEBUG 160639 --- [entrenador-service] [nio-8083-exec-4] .s.r.w.a.BearerTokenAuthenticationFilter : Set SecurityContextHolder to JwtAuthenticationToken [Principal=org.springframework.security.oauth2.jwt.Jwt@24e4edbc, Credentials=[PROTECTED], Authenticated=true, Details=WebAuthenticationDetails [RemoteIpAddress=192.168.1.12, SessionId=null], Granted Authorities=[ROLE_offline_access, ROLE_ADMIN, ROLE_uma_authorization, ROLE_default-roles-gimnasio]]
2026-03-16T14:03:36.713-05:00 DEBUG 160639 --- [entrenador-service] [nio-8083-exec-4] o.s.security.web.FilterChainProxy        : Secured GET /entrenadores/1/existe
2026-03-16T14:05:08.022-05:00  INFO 160639 --- [entrenador-service] [rap-executor-%d] c.n.d.s.r.aws.ConfigClusterResolver      : Resolving eureka endpoints via configuration
