[INFO] Scanning for projects...
[INFO] 
[INFO] ---------------------< co.analisys:equiposervice >----------------------
[INFO] Building equiposervice 0.0.1-SNAPSHOT
[INFO]   from pom.xml
[INFO] --------------------------------[ jar ]---------------------------------
[INFO] 
[INFO] >>> spring-boot:3.3.2:run (default-cli) > test-compile @ equiposervice >>>
[INFO] 
[INFO] --- resources:3.3.1:resources (default-resources) @ equiposervice ---
[INFO] Copying 1 resource from src/main/resources to target/classes
[INFO] Copying 0 resource from src/main/resources to target/classes
[INFO] 
[INFO] --- compiler:3.13.0:compile (default-compile) @ equiposervice ---
[INFO] Nothing to compile - all classes are up to date.
[INFO] 
[INFO] --- resources:3.3.1:testResources (default-testResources) @ equiposervice ---
[INFO] skip non existing resourceDirectory /home/torres/Escritorio/semestre-9/microservicios/taller-gimnasio/comunicacion-y-seguridad-gimnasio-2-partes/microservicio-equipos-mcrs/src/test/resources
[INFO] 
[INFO] --- compiler:3.13.0:testCompile (default-testCompile) @ equiposervice ---
[INFO] No sources to compile
[INFO] 
[INFO] <<< spring-boot:3.3.2:run (default-cli) < test-compile @ equiposervice <<<
[INFO] 
[INFO] 
[INFO] --- spring-boot:3.3.2:run (default-cli) @ equiposervice ---
[INFO] Attaching agents: []

  .   ____          _            __ _ _
 /\\ / ___'_ __ _ _(_)_ __  __ _ \ \ \ \
( ( )\___ | '_ | '_| | '_ \/ _` | \ \ \ \
 \\/  ___)| |_)| | | | | || (_| |  ) ) ) )
  '  |____| .__|_| |_|_| |_\__, | / / / /
 =========|_|==============|___/=/_/_/_/

 :: Spring Boot ::                (v3.3.2)

2026-03-16T13:11:46.012-05:00  INFO 163161 --- [equipo-service] [           main] c.a.gimnasio.EquipoServiceApplication    : Starting EquipoServiceApplication using Java 17.0.18 with PID 163161 (/home/torres/Escritorio/semestre-9/microservicios/taller-gimnasio/comunicacion-y-seguridad-gimnasio-2-partes/microservicio-equipos-mcrs/target/classes started by torres in /home/torres/Escritorio/semestre-9/microservicios/taller-gimnasio/comunicacion-y-seguridad-gimnasio-2-partes/microservicio-equipos-mcrs)
2026-03-16T13:11:46.018-05:00  INFO 163161 --- [equipo-service] [           main] c.a.gimnasio.EquipoServiceApplication    : No active profile set, falling back to 1 default profile: "default"
2026-03-16T13:11:47.831-05:00  INFO 163161 --- [equipo-service] [           main] .s.d.r.c.RepositoryConfigurationDelegate : Bootstrapping Spring Data JPA repositories in DEFAULT mode.
2026-03-16T13:11:48.003-05:00  INFO 163161 --- [equipo-service] [           main] .s.d.r.c.RepositoryConfigurationDelegate : Finished Spring Data repository scanning in 162 ms. Found 1 JPA repository interface.
2026-03-16T13:11:48.259-05:00  INFO 163161 --- [equipo-service] [           main] o.s.cloud.context.scope.GenericScope     : BeanFactory id=860d3345-aee4-37f2-9eed-eb7973d2af9d
2026-03-16T13:11:48.630-05:00  WARN 163161 --- [equipo-service] [           main] trationDelegate$BeanPostProcessorChecker : Bean 'org.springframework.cloud.client.loadbalancer.LoadBalancerAutoConfiguration$DeferringLoadBalancerInterceptorConfig' of type [org.springframework.cloud.client.loadbalancer.LoadBalancerAutoConfiguration$DeferringLoadBalancerInterceptorConfig] is not eligible for getting processed by all BeanPostProcessors (for example: not eligible for auto-proxying). The currently created BeanPostProcessor [lbRestClientPostProcessor] is declared through a non-static factory method on that class; consider declaring it as static instead.
2026-03-16T13:11:48.634-05:00  WARN 163161 --- [equipo-service] [           main] trationDelegate$BeanPostProcessorChecker : Bean 'deferringLoadBalancerInterceptor' of type [org.springframework.cloud.client.loadbalancer.DeferringLoadBalancerInterceptor] is not eligible for getting processed by all BeanPostProcessors (for example: not eligible for auto-proxying). Is this bean getting eagerly injected into a currently created BeanPostProcessor [lbRestClientPostProcessor]? Check the corresponding BeanPostProcessor declaration and its dependencies.
2026-03-16T13:11:48.945-05:00  INFO 163161 --- [equipo-service] [           main] o.s.b.w.embedded.tomcat.TomcatWebServer  : Tomcat initialized with port 8084 (http)
2026-03-16T13:11:48.959-05:00  INFO 163161 --- [equipo-service] [           main] o.apache.catalina.core.StandardService   : Starting service [Tomcat]
2026-03-16T13:11:48.960-05:00  INFO 163161 --- [equipo-service] [           main] o.apache.catalina.core.StandardEngine    : Starting Servlet engine: [Apache Tomcat/10.1.26]
2026-03-16T13:11:49.030-05:00  INFO 163161 --- [equipo-service] [           main] o.a.c.c.C.[Tomcat].[localhost].[/]       : Initializing Spring embedded WebApplicationContext
2026-03-16T13:11:49.031-05:00  INFO 163161 --- [equipo-service] [           main] w.s.c.ServletWebServerApplicationContext : Root WebApplicationContext: initialization completed in 2918 ms
2026-03-16T13:11:49.173-05:00  INFO 163161 --- [equipo-service] [           main] com.zaxxer.hikari.HikariDataSource       : HikariPool-1 - Starting...
2026-03-16T13:11:49.386-05:00  INFO 163161 --- [equipo-service] [           main] com.zaxxer.hikari.pool.HikariPool        : HikariPool-1 - Added connection conn0: url=jdbc:h2:mem:equiposdb user=SA
2026-03-16T13:11:49.388-05:00  INFO 163161 --- [equipo-service] [           main] com.zaxxer.hikari.HikariDataSource       : HikariPool-1 - Start completed.
2026-03-16T13:11:49.397-05:00  INFO 163161 --- [equipo-service] [           main] o.s.b.a.h2.H2ConsoleAutoConfiguration    : H2 console available at '/h2-console'. Database available at 'jdbc:h2:mem:equiposdb'
2026-03-16T13:11:49.658-05:00  INFO 163161 --- [equipo-service] [           main] o.hibernate.jpa.internal.util.LogHelper  : HHH000204: Processing PersistenceUnitInfo [name: default]
2026-03-16T13:11:49.703-05:00  INFO 163161 --- [equipo-service] [           main] org.hibernate.Version                    : HHH000412: Hibernate ORM core version 6.5.2.Final
2026-03-16T13:11:49.732-05:00  INFO 163161 --- [equipo-service] [           main] o.h.c.internal.RegionFactoryInitiator    : HHH000026: Second-level cache disabled
2026-03-16T13:11:49.950-05:00  INFO 163161 --- [equipo-service] [           main] o.s.o.j.p.SpringPersistenceUnitInfo      : No LoadTimeWeaver setup: ignoring JPA class transformer
2026-03-16T13:11:49.986-05:00  WARN 163161 --- [equipo-service] [           main] org.hibernate.orm.deprecation            : HHH90000025: H2Dialect does not need to be specified explicitly using 'hibernate.dialect' (remove the property setting and it will be selected by default)
2026-03-16T13:11:50.639-05:00  INFO 163161 --- [equipo-service] [           main] o.h.e.t.j.p.i.JtaPlatformInitiator       : HHH000489: No JTA platform available (set 'hibernate.transaction.jta.platform' to enable JTA platform integration)
2026-03-16T13:11:50.664-05:00  INFO 163161 --- [equipo-service] [           main] j.LocalContainerEntityManagerFactoryBean : Initialized JPA EntityManagerFactory for persistence unit 'default'
2026-03-16T13:11:51.101-05:00  WARN 163161 --- [equipo-service] [           main] JpaBaseConfiguration$JpaWebConfiguration : spring.jpa.open-in-view is enabled by default. Therefore, database queries may be performed during view rendering. Explicitly configure spring.jpa.open-in-view to disable this warning
2026-03-16T13:11:51.133-05:00 DEBUG 163161 --- [equipo-service] [           main] swordEncoderAuthenticationManagerBuilder : No authenticationProviders and no parentAuthenticationManager defined. Returning null.
2026-03-16T13:11:51.675-05:00  INFO 163161 --- [equipo-service] [           main] o.s.b.a.e.web.EndpointLinksResolver      : Exposing 1 endpoint beneath base path '/actuator'
2026-03-16T13:11:51.844-05:00 DEBUG 163161 --- [equipo-service] [           main] o.s.s.web.DefaultSecurityFilterChain     : Will secure any request with filters: DisableEncodeUrlFilter, WebAsyncManagerIntegrationFilter, SecurityContextHolderFilter, HeaderWriterFilter, CorsFilter, CsrfFilter, LogoutFilter, BearerTokenAuthenticationFilter, RequestCacheAwareFilter, SecurityContextHolderAwareRequestFilter, AnonymousAuthenticationFilter, ExceptionTranslationFilter, AuthorizationFilter
2026-03-16T13:11:52.419-05:00  INFO 163161 --- [equipo-service] [           main] DiscoveryClientOptionalArgsConfiguration : Eureka HTTP Client uses RestTemplate.
2026-03-16T13:11:52.475-05:00  WARN 163161 --- [equipo-service] [           main] iguration$LoadBalancerCaffeineWarnLogger : Spring Cloud LoadBalancer is currently working with the default cache. While this cache implementation is useful for development and tests, it's recommended to use Caffeine cache in production.You can switch to using Caffeine cache, by adding it and org.springframework.cache.caffeine.CaffeineCacheManager to the classpath.
2026-03-16T13:11:52.534-05:00  INFO 163161 --- [equipo-service] [           main] o.s.c.n.eureka.InstanceInfoFactory       : Setting initial instance status as: STARTING
2026-03-16T13:11:52.555-05:00  INFO 163161 --- [equipo-service] [           main] com.netflix.discovery.DiscoveryClient    : Initializing Eureka in region us-east-1
2026-03-16T13:11:52.559-05:00  INFO 163161 --- [equipo-service] [           main] c.n.d.s.r.aws.ConfigClusterResolver      : Resolving eureka endpoints via configuration
2026-03-16T13:11:52.573-05:00  INFO 163161 --- [equipo-service] [           main] com.netflix.discovery.DiscoveryClient    : Disable delta property : false
2026-03-16T13:11:52.574-05:00  INFO 163161 --- [equipo-service] [           main] com.netflix.discovery.DiscoveryClient    : Single vip registry refresh property : null
2026-03-16T13:11:52.574-05:00  INFO 163161 --- [equipo-service] [           main] com.netflix.discovery.DiscoveryClient    : Force full registry fetch : false
2026-03-16T13:11:52.574-05:00  INFO 163161 --- [equipo-service] [           main] com.netflix.discovery.DiscoveryClient    : Application is null : false
2026-03-16T13:11:52.574-05:00  INFO 163161 --- [equipo-service] [           main] com.netflix.discovery.DiscoveryClient    : Registered Applications size is zero : true
2026-03-16T13:11:52.574-05:00  INFO 163161 --- [equipo-service] [           main] com.netflix.discovery.DiscoveryClient    : Application version is -1: true
2026-03-16T13:11:52.574-05:00  INFO 163161 --- [equipo-service] [           main] com.netflix.discovery.DiscoveryClient    : Getting all instance registry info from the eureka server
2026-03-16T13:11:52.908-05:00  INFO 163161 --- [equipo-service] [           main] com.netflix.discovery.DiscoveryClient    : The response status is 200
2026-03-16T13:11:52.910-05:00  INFO 163161 --- [equipo-service] [           main] com.netflix.discovery.DiscoveryClient    : Starting heartbeat executor: renew interval is: 30
2026-03-16T13:11:52.912-05:00  INFO 163161 --- [equipo-service] [           main] c.n.discovery.InstanceInfoReplicator     : InstanceInfoReplicator onDemand update allowed rate per min is 4
2026-03-16T13:11:52.913-05:00  INFO 163161 --- [equipo-service] [           main] com.netflix.discovery.DiscoveryClient    : Discovery Client initialized at timestamp 1773684712913 with initial instances count: 4
2026-03-16T13:11:52.922-05:00  INFO 163161 --- [equipo-service] [           main] o.s.c.n.e.s.EurekaServiceRegistry        : Registering application EQUIPO-SERVICE with eureka with status UP
2026-03-16T13:11:52.922-05:00  INFO 163161 --- [equipo-service] [           main] com.netflix.discovery.DiscoveryClient    : Saw local status change event StatusChangeEvent [timestamp=1773684712922, current=UP, previous=STARTING]
2026-03-16T13:11:52.924-05:00  INFO 163161 --- [equipo-service] [foReplicator-%d] com.netflix.discovery.DiscoveryClient    : DiscoveryClient_EQUIPO-SERVICE/torres-Lenovo.bbrouter:equipo-service:8084: registering service...
2026-03-16T13:11:52.929-05:00  INFO 163161 --- [equipo-service] [           main] o.s.c.n.e.s.EurekaServiceRegistry        : Unregistering application EQUIPO-SERVICE with eureka with status DOWN
2026-03-16T13:11:52.929-05:00  INFO 163161 --- [equipo-service] [           main] com.netflix.discovery.DiscoveryClient    : Saw local status change event StatusChangeEvent [timestamp=1773684712929, current=DOWN, previous=UP]
2026-03-16T13:11:52.930-05:00  WARN 163161 --- [equipo-service] [           main] ConfigServletWebServerApplicationContext : Exception encountered during context initialization - cancelling refresh attempt: org.springframework.context.ApplicationContextException: Failed to start bean 'webServerStartStop'
2026-03-16T13:11:52.939-05:00  INFO 163161 --- [equipo-service] [           main] j.LocalContainerEntityManagerFactoryBean : Closing JPA EntityManagerFactory for persistence unit 'default'
2026-03-16T13:11:52.943-05:00  INFO 163161 --- [equipo-service] [           main] com.zaxxer.hikari.HikariDataSource       : HikariPool-1 - Shutdown initiated...
2026-03-16T13:11:52.946-05:00  INFO 163161 --- [equipo-service] [           main] com.zaxxer.hikari.HikariDataSource       : HikariPool-1 - Shutdown completed.
2026-03-16T13:11:52.947-05:00  INFO 163161 --- [equipo-service] [           main] com.netflix.discovery.DiscoveryClient    : Shutting down DiscoveryClient ...
2026-03-16T13:11:52.964-05:00  INFO 163161 --- [equipo-service] [foReplicator-%d] com.netflix.discovery.DiscoveryClient    : DiscoveryClient_EQUIPO-SERVICE/torres-Lenovo.bbrouter:equipo-service:8084 - registration status: 204
2026-03-16T13:11:52.964-05:00  INFO 163161 --- [equipo-service] [foReplicator-%d] com.netflix.discovery.DiscoveryClient    : DiscoveryClient_EQUIPO-SERVICE/torres-Lenovo.bbrouter:equipo-service:8084: registering service...
2026-03-16T13:11:52.971-05:00  INFO 163161 --- [equipo-service] [foReplicator-%d] com.netflix.discovery.DiscoveryClient    : DiscoveryClient_EQUIPO-SERVICE/torres-Lenovo.bbrouter:equipo-service:8084 - registration status: 204
2026-03-16T13:11:52.972-05:00  INFO 163161 --- [equipo-service] [           main] com.netflix.discovery.DiscoveryClient    : Unregist2026-03-16T13:12:07.373-05:00  INFO 160647 --- [equipo-service] [beatExecutor-%d] com.netflix.discovery.DiscoveryClient    : DiscoveryClient_EQUIPO-SERVICE/torres-Lenovo.bbrouter:equipo-service:8084 - Re-registering apps/EQUIPO-SERVICE
2026-03-16T13:12:07.374-05:00  INFO 160647 --- [equipo-service] [beatExecutor-%d] com.netflix.discovery.DiscoveryClient    : DiscoveryClient_EQUIPO-SERVICE/torres-Lenovo.bbrouter:equipo-service:8084: registering service...
2026-03-16T13:12:07.382-05:00  INFO 160647 --- [equipo-service] [beatExecutor-%d] com.netflix.discovery.DiscoveryClient    : DiscoveryClient_EQUIPO-SERVICE/torres-Lenovo.bbrouter:equipo-service:8084 - registration status: 204
2026-03-16T13:15:06.878-05:00  INFO 160647 --- [equipo-service] [rap-executor-%d] c.n.d.s.r.aws.ConfigClusterResolver      : Resolving eureka endpoints via configuration
2026-03-16T13:20:06.879-05:00  INFO 160647 --- [equipo-service] [rap-executor-%d] c.n.d.s.r.aws.ConfigClusterResolver      : Resolving eureka endpoints via configuration
2026-03-16T13:25:06.880-05:00  INFO 160647 --- [equipo-service] [rap-executor-%d] c.n.d.s.r.aws.ConfigClusterResolver      : Resolving eureka endpoints via configuration
2026-03-16T13:30:06.881-05:00  INFO 160647 --- [equipo-service] [rap-executor-%d] c.n.d.s.r.aws.ConfigClusterResolver      : Resolving eureka endpoints via configuration
2026-03-16T13:35:06.882-05:00  INFO 160647 --- [equipo-service] [rap-executor-%d] c.n.d.s.r.aws.ConfigClusterResolver      : Resolving eureka endpoints via configuration
2026-03-16T13:40:07.995-05:00  INFO 160647 --- [equipo-service] [rap-executor-%d] c.n.d.s.r.aws.ConfigClusterResolver      : Resolving eureka endpoints via configuration
2026-03-16T13:45:07.996-05:00  INFO 160647 --- [equipo-service] [rap-executor-%d] c.n.d.s.r.aws.ConfigClusterResolver      : Resolving eureka endpoints via configuration
2026-03-16T13:50:07.997-05:00  INFO 160647 --- [equipo-service] [rap-executor-%d] c.n.d.s.r.aws.ConfigClusterResolver      : Resolving eureka endpoints via configuration
2026-03-16T13:55:07.999-05:00  INFO 160647 --- [equipo-service] [rap-executor-%d] c.n.d.s.r.aws.ConfigClusterResolver      : Resolving eureka endpoints via configuration
2026-03-16T14:00:08.000-05:00  INFO 160647 --- [equipo-service] [rap-executor-%d] c.n.d.s.r.aws.ConfigClusterResolver      : Resolving eureka endpoints via configuration
2026-03-16T14:05:08.002-05:00  INFO 160647 --- [equipo-service] [rap-executor-%d] c.n.d.s.r.aws.ConfigClusterResolver      : Resolving eureka endpoints via configuration
ication.java:1352) ~[spring-boot-3.3.2.jar:3.3.2]
	at co.analisys.gimnasio.EquipoServiceApplication.main(EquipoServiceApplication.java:10) ~[classes/:na]
Caused by: org.springframework.boot.web.server.WebServerException: Unable to start embedded Tomcat server
	at org.springframework.boot.web.embedded.tomcat.TomcatWebServer.start(TomcatWebServer.java:251) ~[spring-boot-3.3.2.jar:3.3.2]
	at org.springframework.boot.web.servlet.context.WebServerStartStopLifecycle.start(WebServerStartStopLifecycle.java:44) ~[spring-boot-3.3.2.jar:3.3.2]
	at org.springframework.context.support.DefaultLifecycleProcessor.doStart(DefaultLifecycleProcessor.java:285) ~[spring-context-6.1.11.jar:6.1.11]
	... 13 common frames omitted
Caused by: java.lang.IllegalArgumentException: standardService.connector.startFailed
	at org.apache.catalina.core.StandardService.addConnector(StandardService.java:222) ~[tomcat-embed-core-10.1.26.jar:10.1.26]
	at org.springframework.boot.web.embedded.tomcat.TomcatWebServer.addPreviouslyRemovedConnectors(TomcatWebServer.java:310) ~[spring-boot-3.3.2.jar:3.3.2]
	at org.springframework.boot.web.embedded.tomcat.TomcatWebServer.start(TomcatWebServer.java:236) ~[spring-boot-3.3.2.jar:3.3.2]
	... 15 common frames omitted
Caused by: org.apache.catalina.LifecycleException: Protocol handler start failed
	at org.apache.catalina.connector.Connector.startInternal(Connector.java:1061) ~[tomcat-embed-core-10.1.26.jar:10.1.26]
	at org.apache.catalina.util.LifecycleBase.start(LifecycleBase.java:164) ~[tomcat-embed-core-10.1.26.jar:10.1.26]
	at org.apache.catalina.core.StandardService.addConnector(StandardService.java:219) ~[tomcat-embed-core-10.1.26.jar:10.1.26]
	... 17 common frames omitted
Caused by: java.net.BindException: La dirección ya se está usando
	at java.base/sun.nio.ch.Net.bind0(Native Method) ~[na:na]
	at java.base/sun.nio.ch.Net.bind(Net.java:567) ~[na:na]
	at java.base/sun.nio.ch.ServerSocketChannelImpl.netBind(ServerSocketChannelImpl.java:337) ~[na:na]
	at java.base/sun.nio.ch.ServerSocketChannelImpl.bind(ServerSocketChannelImpl.java:294) ~[na:na]
	at org.apache.tomcat.util.net.NioEndpoint.initServerSocket(NioEndpoint.java:239) ~[tomcat-embed-core-10.1.26.jar:10.1.26]
	at org.apache.tomcat.util.net.NioEndpoint.bind(NioEndpoint.java:194) ~[tomcat-embed-core-10.1.26.jar:10.1.26]
	at org.apache.tomcat.util.net.AbstractEndpoint.bindWithCleanup(AbstractEndpoint.java:1304) ~[tomcat-embed-core-10.1.26.jar:10.1.26]
	at org.apache.tomcat.util.net.AbstractEndpoint.start(AbstractEndpoint.java:1390) ~[tomcat-embed-core-10.1.26.jar:10.1.26]
	at org.apache.coyote.AbstractProtocol.start(AbstractProtocol.java:643) ~[tomcat-embed-core-10.1.26.jar:10.1.26]
	at org.apache.catalina.connector.Connector.startInternal(Connector.java:1058) ~[tomcat-embed-core-10.1.26.jar:10.1.26]
	... 19 common frames omitted

[INFO] ------------------------------------------------------------------------
[INFO] BUILD FAILURE
[INFO] ------------------------------------------------------------------------
[INFO] Total time:  12.070 s
[INFO] Finished at: 2026-03-16T13:11:53-05:00
[INFO] ------------------------------------------------------------------------
[ERROR] Failed to execute goal org.springframework.boot:spring-boot-maven-plugin:3.3.2:run (default-cli) on project equiposervice: Process terminated with exit code: 1 -> [Help 1]
[ERROR] 
[ERROR] To see the full stack trace of the errors, re-run Maven with the -e switch.
[ERROR] Re-run Maven using the -X switch to enable full debug logging.
[ERROR] 
[ERROR] For more information about the errors and possible solutions, please read the following articles:
[ERROR] [Help 1] http://cwiki.apache.org/confluence/display/MAVEN/MojoExecutionException
