[INFO] Scanning for projects...
[INFO] 
[INFO] ---------------------< co.analisys:miembroservice >---------------------
[INFO] Building miembroservice 0.0.1-SNAPSHOT
[INFO]   from pom.xml
[INFO] --------------------------------[ jar ]---------------------------------
[INFO] 
[INFO] >>> spring-boot:3.3.2:run (default-cli) > test-compile @ miembroservice >>>
[INFO] 
[INFO] --- resources:3.3.1:resources (default-resources) @ miembroservice ---
[INFO] Copying 1 resource from src/main/resources to target/classes
[INFO] Copying 0 resource from src/main/resources to target/classes
[INFO] 
[INFO] --- compiler:3.13.0:compile (default-compile) @ miembroservice ---
[INFO] Nothing to compile - all classes are up to date.
[INFO] 
[INFO] --- resources:3.3.1:testResources (default-testResources) @ miembroservice ---
[INFO] skip non existing resourceDirectory /home/torres/Escritorio/semestre-9/microservicios/taller-gimnasio/comunicacion-y-seguridad-gimnasio-2-partes/microservicio-miembros-mcrs/src/test/resources
[INFO] 
[INFO] --- compiler:3.13.0:testCompile (default-testCompile) @ miembroservice ---
[INFO] No sources to compile
[INFO] 
[INFO] <<< spring-boot:3.3.2:run (default-cli) < test-compile @ miembroservice <<<
[INFO] 
[INFO] 
[INFO] --- spring-boot:3.3.2:run (default-cli) @ miembroservice ---
[INFO] Attaching agents: []

  .   ____          _            __ _ _
 /\\ / ___'_ __ _ _(_)_ __  __ _ \ \ \ \
( ( )\___ | '_ | '_| | '_ \/ _` | \ \ \ \
 \\/  ___)| |_)| | | | | || (_| |  ) ) ) )
  '  |____| .__|_| |_|_| |_\__, | / / / /
 =========|_|==============|___/=/_/_/_/

 :: Spring Boot ::                (v3.3.2)

2026-03-16T13:11:46.085-05:00  INFO 163174 --- [miembro-service] [           main] c.a.gimnasio.MiembroServiceApplication   : Starting MiembroServiceApplication using Java 17.0.18 with PID 163174 (/home/torres/Escritorio/semestre-9/microservicios/taller-gimnasio/comunicacion-y-seguridad-gimnasio-2-partes/microservicio-miembros-mcrs/target/classes started by torres in /home/torres/Escritorio/semestre-9/microservicios/taller-gimnasio/comunicacion-y-seguridad-gimnasio-2-partes/microservicio-miembros-mcrs)
2026-03-16T13:11:46.090-05:00  INFO 163174 --- [miembro-service] [           main] c.a.gimnasio.MiembroServiceApplication   : No active profile set, falling back to 1 default profile: "default"
2026-03-16T13:11:47.853-05:00  INFO 163174 --- [miembro-service] [           main] .s.d.r.c.RepositoryConfigurationDelegate : Bootstrapping Spring Data JPA repositories in DEFAULT mode.
2026-03-16T13:11:48.016-05:00  INFO 163174 --- [miembro-service] [           main] .s.d.r.c.RepositoryConfigurationDelegate : Finished Spring Data repository scanning in 152 ms. Found 1 JPA repository interface.
2026-03-16T13:11:48.276-05:00  INFO 163174 --- [miembro-service] [           main] o.s.cloud.context.scope.GenericScope     : BeanFactory id=b9c30d2d-140d-3a02-b064-5c9fc4303f25
2026-03-16T13:11:48.643-05:00  WARN 163174 --- [miembro-service] [           main] trationDelegate$BeanPostProcessorChecker : Bean 'org.springframework.cloud.client.loadbalancer.LoadBalancerAutoConfiguration$DeferringLoadBalancerInterceptorConfig' of type [org.springframework.cloud.client.loadbalancer.LoadBalancerAutoConfiguration$DeferringLoadBalancerInterceptorConfig] is not eligible for getting processed by all BeanPostProcessors (for example: not eligible for auto-proxying). The currently created BeanPostProcessor [lbRestClientPostProcessor] is declared through a non-static factory method on that class; consider declaring it as static instead.
2026-03-16T13:11:48.647-05:00  WARN 163174 --- [miembro-service] [           main] trationDelegate$BeanPostProcessorChecker : Bean 'deferringLoadBalancerInterceptor' of type [org.springframework.cloud.client.loadbalancer.DeferringLoadBalancerInterceptor] is not eligible for getting processed by all BeanPostProcessors (for example: not eligible for auto-proxying). Is this bean getting eagerly injected into a currently created BeanPostProcessor [lbRestClientPostProcessor]? Check the corresponding BeanPostProcessor declaration and its dependencies.
2026-03-16T13:11:48.965-05:00  INFO 163174 --- [miembro-service] [           main] o.s.b.w.embedded.tomcat.TomcatWebServer  : Tomcat initialized with port 8081 (http)
2026-03-16T13:11:48.979-05:00  INFO 163174 --- [miembro-service] [           main] o.apache.catalina.core.StandardService   : Starting service [Tomcat]
2026-03-16T13:11:48.979-05:00  INFO 163174 --- [miembro-service] [           main] o.apache.catalina.core.StandardEngine    : Starting Servlet engine: [Apache Tomcat/10.1.26]
2026-03-16T13:11:49.051-05:00  INFO 163174 --- [miembro-service] [           main] o.a.c.c.C.[Tomcat].[localhost].[/]       : Initializing Spring embedded WebApplicationContext
2026-03-16T13:11:49.052-05:00  INFO 163174 --- [miembro-service] [           main] w.s.c.ServletWebServerApplicationContext : Root WebApplicationContext: initialization completed in 2859 ms
2026-03-16T13:11:49.207-05:00  INFO 163174 --- [miembro-service] [           main] com.zaxxer.hikari.HikariDataSource       : HikariPool-1 - Starting...
2026-03-16T13:11:49.411-05:00  INFO 163174 --- [miembro-service] [           main] com.zaxxer.hikari.pool.HikariPool        : HikariPool-1 - Added connection conn0: url=jdbc:h2:mem:miembrosdb user=SA
2026-03-16T13:11:49.412-05:00  INFO 163174 --- [miembro-service] [           main] com.zaxxer.hikari.HikariDataSource       : HikariPool-1 - Start completed.
2026-03-16T13:11:49.421-05:00  INFO 163174 --- [miembro-service] [           main] o.s.b.a.h2.H2ConsoleAutoConfiguration    : H2 console available at '/h2-console'. Database available at 'jdbc:h2:mem:miembrosdb'
2026-03-16T13:11:49.673-05:00  INFO 163174 --- [miembro-service] [           main] o.hibernate.jpa.internal.util.LogHelper  : HHH000204: Processing PersistenceUnitInfo [name: default]
2026-03-16T13:11:49.720-05:00  INFO 163174 --- [miembro-service] [           main] org.hibernate.Version                    : HHH000412: Hibernate ORM core version 6.5.2.Final
2026-03-16T13:11:49.748-05:00  INFO 163174 --- [miembro-service] [           main] o.h.c.internal.RegionFactoryInitiator    : HHH000026: Second-level cache disabled
2026-03-16T13:11:49.974-05:00  INFO 163174 --- [miembro-service] [           main] o.s.o.j.p.SpringPersistenceUnitInfo      : No LoadTimeWeaver setup: ignoring JPA class transformer
2026-03-16T13:11:50.009-05:00  WARN 163174 --- [miembro-service] [           main] org.hibernate.orm.deprecation            : HHH90000025: H2Dialect does not need to be specified explicitly using 'hibernate.dialect' (remove the property setting and it will be selected by default)
2026-03-16T13:11:50.688-05:00  INFO 163174 --- [miembro-service] [           main] o.h.e.t.j.p.i.JtaPlatformInitiator       : HHH000489: No JTA platform available (set 'hibernate.transaction.jta.platform' to enable JTA platform integration)
2026-03-16T13:11:50.719-05:00  INFO 163174 --- [miembro-service] [           main] j.LocalContainerEntityManagerFactoryBean : Initialized JPA EntityManagerFactory for persistence unit 'default'
2026-03-16T13:11:51.153-05:00  WARN 163174 --- [miembro-service] [           main] JpaBaseConfiguration$JpaWebConfiguration : spring.jpa.open-in-view is enabled by default. Therefore, database queries may be performed during view rendering. Explicitly configure spring.jpa.open-in-view to disable this warning
2026-03-16T13:11:51.184-05:00 DEBUG 163174 --- [miembro-service] [           main] swordEncoderAuthenticationManagerBuilder : No authenticationProviders and no parentAuthenticationManager defined. Returning null.
2026-03-16T13:11:51.729-05:00  INFO 163174 --- [miembro-service] [           main] o.s.b.a.e.web.EndpointLinksResolver      : Exposing 1 endpoint beneath base path '/actuator'
2026-03-16T13:11:51.902-05:00 DEBUG 163174 --- [miembro-service] [           main] o.s.s.web.DefaultSecurityFilterChain     : Will secure any request with filters: DisableEncodeUrlFilter, WebAsyncManagerIntegrationFilter, SecurityContextHolderFilter, HeaderWriterFilter, CorsFilter, CsrfFilter, LogoutFilter, BearerTokenAuthenticationFilter, RequestCacheAwareFilter, SecurityContextHolderAwareRequestFilter, AnonymousAuthenticationFilter, ExceptionTranslationFilter, AuthorizationFilter
2026-03-16T13:11:52.485-05:00  INFO 163174 --- [miembro-service] [           main] DiscoveryClientOptionalArgsConfiguration : Eureka HTTP Client uses RestTemplate.
2026-03-16T13:11:52.539-05:00  WARN 163174 --- [miembro-service] [           main] iguration$LoadBalancerCaffeineWarnLogger : Spring Cloud LoadBalancer is currently working with the default cache. While this cache implementation is useful for development and tests, it's recommended to use Caffeine cache in production.You can switch to using Caffeine cache, by adding it and org.springframework.cache.caffeine.CaffeineCacheManager to the classpath.
2026-03-16T13:11:52.596-05:00  INFO 163174 --- [miembro-service] [           main] o.s.c.n.eureka.InstanceInfoFactory       : Setting initial instance status as: STARTING
2026-03-16T13:11:52.624-05:00  INFO 163174 --- [miembro-service] [           main] com.netflix.discovery.DiscoveryClient    : Initializing Eureka in region us-east-1
2026-03-16T13:11:52.627-05:00  INFO 163174 --- [miembro-service] [           main] c.n.d.s.r.aws.ConfigClusterResolver      : Resolving eureka endpoints via configuration
2026-03-16T13:11:52.635-05:00  INFO 163174 --- [miembro-service] [           main] com.netflix.discovery.DiscoveryClient    : Disable delta property : false
2026-03-16T13:11:52.635-05:00  INFO 163174 --- [miembro-service] [           main] com.netflix.discovery.DiscoveryClient    : Single vip registry refresh property : null
2026-03-16T13:11:52.635-05:00  INFO 163174 --- [miembro-service] [           main] com.netflix.discovery.DiscoveryClient    : Force full registry fetch : false
2026-03-16T13:11:52.635-05:00  INFO 163174 --- [miembro-service] [           main] com.netflix.discovery.DiscoveryClient    : Application is null : false
2026-03-16T13:11:52.635-05:00  INFO 163174 --- [miembro-service] [           main] com.netflix.discovery.DiscoveryClient    : Registered Applications size is zero : true
2026-03-16T13:11:52.635-05:00  INFO 163174 --- [miembro-service] [           main] com.netflix.discovery.DiscoveryClient    : Application version is -1: true
2026-03-16T13:11:52.635-05:00  INFO 163174 --- [miembro-service] [           main] com.netflix.discovery.DiscoveryClient    : Getting all instance registry info from the eureka server
2026-03-16T13:11:52.963-05:00  INFO 163174 --- [miembro-service] [           main] com.netflix.discovery.DiscoveryClient    : The response status is 200
2026-03-16T13:11:52.966-05:00  INFO 163174 --- [miembro-service] [           main] com.netflix.discovery.DiscoveryClient    : Starting heartbeat executor: renew interval is: 30
2026-03-16T13:11:52.968-05:00  INFO 163174 --- [miembro-service] [           main] c.n.discovery.InstanceInfoReplicator     : InstanceInfoReplicator onDemand update allowed rate per min is 4
2026-03-16T13:11:52.970-05:00  INFO 163174 --- [miembro-service] [           main] com.netflix.discovery.DiscoveryClient    : Discovery Client initialized at timestamp 1773684712970 with initial instances count: 4
2026-03-16T13:11:52.981-05:00  INFO 163174 --- [miembro-service] [           main] o.s.c.n.e.s.EurekaServiceRegistry        : Registering application MIEMBRO-SERVICE with eureka with status UP
2026-03-16T13:11:52.981-05:00  INFO 163174 --- [miembro-service] [           main] com.netflix.discovery.DiscoveryClient    : Saw local status change event StatusChangeEvent [timestamp=1773684712981, current=UP, previous=STARTING]
2026-03-16T13:11:52.983-05:00  INFO 163174 --- [miembro-service] [foReplicator-%d] com.netflix.discovery.DiscoveryClient    : DiscoveryClient_MIEMBRO-SERVICE/torres-Lenovo.bbrouter:miembro-service:8081: registering service...
2026-03-16T13:11:52.989-05:00  INFO 163174 --- [miembro-service] [           main] o.s.c.n.e.s.EurekaServiceRegistry        : Unregistering application MIEMBRO-SERVICE with eureka with status DOWN
2026-03-16T13:11:52.989-05:00  INFO 163174 --- [miembro-service] [           main] com.netflix.discovery.DiscoveryClient    : Saw local status change event StatusChangeEvent [timestamp=1773684712989, current=DOWN, previous=UP]
2026-03-16T13:11:52.989-05:00  WARN 163174 --- [miembro-service] [           main] ConfigServletWebServerApplicationContext : Exception encountered during context initialization - cancelling refresh attempt: org.springframework.context.ApplicationContextException: Failed to start bean 'webServerStartStop'
2026-03-16T13:11:52.996-05:00  INFO 163174 --- [miembro-service] [           main] j.LocalContainerEntityManagerFactoryBean : Closing JPA EntityManagerFactory for persistence unit 'default'
2026-03-16T13:11:53.001-05:00  INFO 163174 --- [miembro-service] [           main] com.zaxxer.hikari.HikariDataSource       : HikariPool-1 - Shutdown initiated...
2026-03-16T13:11:53.004-05:00  INFO 163174 --- [miembro-service] [           main] com.zaxxer.hikari.HikariDataSource       : HikariPool-1 - Shutdown completed.
2026-03-16T13:11:53.005-05:00  INFO 163174 --- [miembro-service] [           main] com.netflix.discovery.DiscoveryClient    : Shutting down DiscoveryClient ...
2026-03-16T13:11:53.020-05:00  INFO 163174 --- [miembro-service] [foReplicator-%d] com.netflix.discovery.DiscoveryClient    : DiscoveryClient_MIEMBRO-SERVICE/torres-Lenovo.bbrouter:miembro-service:8081 - registration status: 204
2026-03-16T13:11:53.020-05:00  INFO 163174 --- [miembro-service] [foReplicator-%d] com.netflix.discovery.DiscoveryClient    : DiscoveryClient_MIEMBRO-SERVICE/torres-Lenovo.bbrouter:miembro-service:8081: registering service...
2026-03-16T13:11:53.026-05:00  INFO 163174 --- [miembro-service] [foReplicator-%d] com.netflix.discovery.DiscoveryClient    : DiscoveryClient_MIEMBRO-SERVICE/torres-Lenovo.bbrouter:miembro-service:8081 - registration status: 204
2026-03-16T13:11:53.027-05:00  INFO 163174 --- [miembro-service] [           main] com.netflix.discovery.DiscoveryClient    : Unregi2026-03-16T13:12:07.383-05:00  INFO 160684 --- [miembro-service] [beatExecutor-%d] com.netflix.discovery.DiscoveryClient    : DiscoveryClient_MIEMBRO-SERVICE/torres-Lenovo.bbrouter:miembro-service:8081 - Re-registering apps/MIEMBRO-SERVICE
2026-03-16T13:12:07.383-05:00  INFO 160684 --- [miembro-service] [beatExecutor-%d] com.netflix.discovery.DiscoveryClient    : DiscoveryClient_MIEMBRO-SERVICE/torres-Lenovo.bbrouter:miembro-service:8081: registering service...
2026-03-16T13:12:07.387-05:00  INFO 160684 --- [miembro-service] [foReplicator-%d] com.netflix.discovery.DiscoveryClient    : DiscoveryClient_MIEMBRO-SERVICE/torres-Lenovo.bbrouter:miembro-service:8081: registering service...
2026-03-16T13:12:07.394-05:00  INFO 160684 --- [miembro-service] [beatExecutor-%d] com.netflix.discovery.DiscoveryClient    : DiscoveryClient_MIEMBRO-SERVICE/torres-Lenovo.bbrouter:miembro-service:8081 - registration status: 204
2026-03-16T13:12:07.396-05:00  INFO 160684 --- [miembro-service] [foReplicator-%d] com.netflix.discovery.DiscoveryClient    : DiscoveryClient_MIEMBRO-SERVICE/torres-Lenovo.bbrouter:miembro-service:8081 - registration status: 204
2026-03-16T13:15:06.991-05:00  INFO 160684 --- [miembro-service] [rap-executor-%d] c.n.d.s.r.aws.ConfigClusterResolver      : Resolving eureka endpoints via configuration
2026-03-16T13:20:06.991-05:00  INFO 160684 --- [miembro-service] [rap-executor-%d] c.n.d.s.r.aws.ConfigClusterResolver      : Resolving eureka endpoints via configuration
2026-03-16T13:25:06.992-05:00  INFO 160684 --- [miembro-service] [rap-executor-%d] c.n.d.s.r.aws.ConfigClusterResolver      : Resolving eureka endpoints via configuration
2026-03-16T13:30:06.993-05:00  INFO 160684 --- [miembro-service] [rap-executor-%d] c.n.d.s.r.aws.ConfigClusterResolver      : Resolving eureka endpoints via configuration
2026-03-16T13:35:06.994-05:00  INFO 160684 --- [miembro-service] [rap-executor-%d] c.n.d.s.r.aws.ConfigClusterResolver      : Resolving eureka endpoints via configuration
2026-03-16T13:40:08.108-05:00  INFO 160684 --- [miembro-service] [rap-executor-%d] c.n.d.s.r.aws.ConfigClusterResolver      : Resolving eureka endpoints via configuration
2026-03-16T13:45:08.109-05:00  INFO 160684 --- [miembro-service] [rap-executor-%d] c.n.d.s.r.aws.ConfigClusterResolver      : Resolving eureka endpoints via configuration
2026-03-16T13:45:20.626-05:00  INFO 160684 --- [miembro-service] [nio-8081-exec-1] o.a.c.c.C.[Tomcat].[localhost].[/]       : Initializing Spring DispatcherServlet 'dispatcherServlet'
2026-03-16T13:45:20.626-05:00  INFO 160684 --- [miembro-service] [nio-8081-exec-1] o.s.web.servlet.DispatcherServlet        : Initializing Servlet 'dispatcherServlet'
2026-03-16T13:45:20.629-05:00  INFO 160684 --- [miembro-service] [nio-8081-exec-1] o.s.web.servlet.DispatcherServlet        : Completed initialization in 2 ms
2026-03-16T13:45:20.645-05:00 DEBUG 160684 --- [miembro-service] [nio-8081-exec-1] o.s.security.web.FilterChainProxy        : Securing POST /miembros
2026-03-16T13:45:20.765-05:00 DEBUG 160684 --- [miembro-service] [nio-8081-exec-1] o.s.s.o.s.r.a.JwtAuthenticationProvider  : Authenticated token
2026-03-16T13:45:20.767-05:00 DEBUG 160684 --- [miembro-service] [nio-8081-exec-1] .s.r.w.a.BearerTokenAuthenticationFilter : Set SecurityContextHolder to JwtAuthenticationToken [Principal=org.springframework.security.oauth2.jwt.Jwt@d16d944e, Credentials=[PROTECTED], Authenticated=true, Details=WebAuthenticationDetails [RemoteIpAddress=0:0:0:0:0:0:0:1, SessionId=null], Granted Authorities=[ROLE_offline_access, ROLE_ADMIN, ROLE_uma_authorization, ROLE_default-roles-gimnasio]]
2026-03-16T13:45:20.775-05:00 DEBUG 160684 --- [miembro-service] [nio-8081-exec-1] o.s.security.web.FilterChainProxy        : Secured POST /miembros
2026-03-16T13:45:20.817-05:00 DEBUG 160684 --- [miembro-service] [nio-8081-exec-1] horizationManagerBeforeMethodInterceptor : Authorizing method invocation ReflectiveMethodInvocation: public co.analisys.gimnasio.model.Miembro co.analisys.gimnasio.controller.MiembroController.registrarMiembro(co.analisys.gimnasio.model.Miembro); target is of class [co.analisys.gimnasio.controller.MiembroController]
2026-03-16T13:45:20.844-05:00 DEBUG 160684 --- [miembro-service] [nio-8081-exec-1] horizationManagerBeforeMethodInterceptor : Authorized method invocation ReflectiveMethodInvocation: public co.analisys.gimnasio.model.Miembro co.analisys.gimnasio.controller.MiembroController.registrarMiembro(co.analisys.gimnasio.model.Miembro); target is of class [co.analisys.gimnasio.controller.MiembroController]
2026-03-16T13:45:36.369-05:00 DEBUG 160684 --- [miembro-service] [nio-8081-exec-2] o.s.security.web.FilterChainProxy        : Securing GET /miembros/1/puede-asistir-clase
2026-03-16T13:45:36.374-05:00 DEBUG 160684 --- [miembro-service] [nio-8081-exec-2] o.s.s.o.s.r.a.JwtAuthenticationProvider  : Authenticated token
2026-03-16T13:45:36.375-05:00 DEBUG 160684 --- [miembro-service] [nio-8081-exec-2] .s.r.w.a.BearerTokenAuthenticationFilter : Set SecurityContextHolder to JwtAuthenticationToken [Principal=org.springframework.security.oauth2.jwt.Jwt@d16d944e, Credentials=[PROTECTED], Authenticated=true, Details=WebAuthenticationDetails [RemoteIpAddress=192.168.1.12, SessionId=null], Granted Authorities=[ROLE_offline_access, ROLE_ADMIN, ROLE_uma_authorization, ROLE_default-roles-gimnasio]]
2026-03-16T13:45:36.376-05:00 DEBUG 160684 --- [miembro-service] [nio-8081-exec-2] o.s.security.web.FilterChainProxy        : Secured GET /miembros/1/puede-asistir-clase
2026-03-16T13:45:36.383-05:00 DEBUG 160684 --- [miembro-service] [nio-8081-exec-2] horizationManagerBeforeMethodInterceptor : Authorizing method invocation ReflectiveMethodInvocation: public co.analisys.gimnasio.dto.PuedeAsistirClaseResponse co.analisys.gimnasio.controller.MiembroController.puedeAsistirAClase(java.lang.String); target is of class [co.analisys.gimnasio.controller.MiembroController]
2026-03-16T13:45:36.384-05:00 DEBUG 160684 --- [miembro-service] [nio-8081-exec-2] horizationManagerBeforeMethodInterceptor : Authorized method invocation ReflectiveMethodInvocation: public co.analisys.gimnasio.dto.PuedeAsistirClaseResponse co.analisys.gimnasio.controller.MiembroController.puedeAsistirAClase(java.lang.String); target is of class [co.analisys.gimnasio.controller.MiembroController]
2026-03-16T13:50:08.110-05:00  INFO 160684 --- [miembro-service] [rap-executor-%d] c.n.d.s.r.aws.ConfigClusterResolver      : Resolving eureka endpoints via configuration
2026-03-16T13:55:08.111-05:00  INFO 160684 --- [miembro-service] [rap-executor-%d] c.n.d.s.r.aws.ConfigClusterResolver      : Resolving eureka endpoints via configuration
2026-03-16T14:00:08.112-05:00  INFO 160684 --- [miembro-service] [rap-executor-%d] c.n.d.s.r.aws.ConfigClusterResolver      : Resolving eureka endpoints via configuration
2026-03-16T14:03:36.738-05:00 DEBUG 160684 --- [miembro-service] [nio-8081-exec-4] o.s.security.web.FilterChainProxy        : Securing GET /miembros/1/puede-asistir-clase
2026-03-16T14:03:36.744-05:00 DEBUG 160684 --- [miembro-service] [nio-8081-exec-4] o.s.s.o.s.r.a.JwtAuthenticationProvider  : Authenticated token
2026-03-16T14:03:36.745-05:00 DEBUG 160684 --- [miembro-service] [nio-8081-exec-4] .s.r.w.a.BearerTokenAuthenticationFilter : Set SecurityContextHolder to JwtAuthenticationToken [Principal=org.springframework.security.oauth2.jwt.Jwt@24e4edbc, Credentials=[PROTECTED], Authenticated=true, Details=WebAuthenticationDetails [RemoteIpAddress=192.168.1.12, SessionId=null], Granted Authorities=[ROLE_offline_access, ROLE_ADMIN, ROLE_uma_authorization, ROLE_default-roles-gimnasio]]
2026-03-16T14:03:36.745-05:00 DEBUG 160684 --- [miembro-service] [nio-8081-exec-4] o.s.security.web.FilterChainProxy        : Secured GET /miembros/1/puede-asistir-clase
2026-03-16T14:03:36.746-05:00 DEBUG 160684 --- [miembro-service] [nio-8081-exec-4] horizationManagerBeforeMethodInterceptor : Authorizing method invocation ReflectiveMethodInvocation: public co.analisys.gimnasio.dto.PuedeAsistirClaseResponse co.analisys.gimnasio.controller.MiembroController.puedeAsistirAClase(java.lang.String); target is of class [co.analisys.gimnasio.controller.MiembroController]
2026-03-16T14:03:36.746-05:00 DEBUG 160684 --- [miembro-service] [nio-8081-exec-4] horizationManagerBeforeMethodInterceptor : Authorized method invocation ReflectiveMethodInvocation: public co.analisys.gimnasio.dto.PuedeAsistirClaseResponse co.analisys.gimnasio.controller.MiembroController.puedeAsistirAClase(java.lang.String); target is of class [co.analisys.gimnasio.controller.MiembroController]
2026-03-16T14:05:08.113-05:00  INFO 160684 --- [miembro-service] [rap-executor-%d] c.n.d.s.r.aws.ConfigClusterResolver      : Resolving eureka endpoints via configuration
